# JRE version: OpenJDK Runtime Environment (7.0_121) (build 1.7.0_121-b00)
# Java VM: OpenJDK 64-Bit Server VM (24.121-b00 mixed mode linux-amd64 compressed oops)
Heap
 PSYoungGen      total 73728K, used 31613K [0x00000007d5500000, 0x00000007de500000, 0x0000000800000000)
  eden space 63488K, 33% used [0x00000007d5500000,0x00000007d69e1908,0x00000007d9300000)
  from space 10240K, 99% used [0x00000007d9300000,0x00000007d9cfdc70,0x00000007d9d00000)
  to   space 10240K, 0% used [0x00000007ddb00000,0x00000007ddb00000,0x00000007de500000)
 ParOldGen       total 567808K, used 404392K [0x0000000780000000, 0x00000007a2a80000, 0x00000007d5500000)
  object space 567808K, 71% used [0x0000000780000000,0x0000000798aea288,0x00000007a2a80000)
 PSPermGen       total 30208K, used 29966K [0x0000000775a00000, 0x0000000777780000, 0x0000000780000000)
  object space 30208K, 99% used [0x0000000775a00000,0x0000000777743ae0,0x0000000777780000)
GC Heap History (6 events):
Event: 1,038 GC heap before
{Heap before GC invocations=1 (full 0):
 PSYoungGen      total 73728K, used 63488K [0x00000007d5500000, 0x00000007da700000, 0x0000000800000000)
  eden space 63488K, 100% used [0x00000007d5500000,0x00000007d9300000,0x00000007d9300000)
  from space 10240K, 0% used [0x00000007d9d00000,0x00000007d9d00000,0x00000007da700000)
  to   space 10240K, 0% used [0x00000007d9300000,0x00000007d9300000,0x00000007d9d00000)
 ParOldGen       total 167936K, used 0K [0x0000000780000000, 0x000000078a400000, 0x00000007d5500000)
  object space 167936K, 0% used [0x0000000780000000,0x0000000780000000,0x000000078a400000)
 PSPermGen       total 21504K, used 11500K [0x0000000775a00000, 0x0000000776f00000, 0x0000000780000000)
  object space 21504K, 53% used [0x0000000775a00000,0x000000077653b1b8,0x0000000776f00000)
Event: 1,048 GC heap after
Heap after GC invocations=1 (full 0):
 PSYoungGen      total 73728K, used 7211K [0x00000007d5500000, 0x00000007da700000, 0x0000000800000000)
  eden space 63488K, 0% used [0x00000007d5500000,0x00000007d5500000,0x00000007d9300000)
  from space 10240K, 70% used [0x00000007d9300000,0x00000007d9a0af48,0x00000007d9d00000)
  to   space 10240K, 0% used [0x00000007d9d00000,0x00000007d9d00000,0x00000007da700000)
 ParOldGen       total 167936K, used 8K [0x0000000780000000, 0x000000078a400000, 0x00000007d5500000)
  object space 167936K, 0% used [0x0000000780000000,0x0000000780002000,0x000000078a400000)
 PSPermGen       total 21504K, used 11500K [0x0000000775a00000, 0x0000000776f00000, 0x0000000780000000)
  object space 21504K, 53% used [0x0000000775a00000,0x000000077653b1b8,0x0000000776f00000)
}
Event: 1,942 GC heap before
{Heap before GC invocations=2 (full 0):
 PSYoungGen      total 73728K, used 70699K [0x00000007d5500000, 0x00000007da700000, 0x0000000800000000)
  eden space 63488K, 100% used [0x00000007d5500000,0x00000007d9300000,0x00000007d9300000)
  from space 10240K, 70% used [0x00000007d9300000,0x00000007d9a0af48,0x00000007d9d00000)
  to   space 10240K, 0% used [0x00000007d9d00000,0x00000007d9d00000,0x00000007da700000)
 ParOldGen       total 167936K, used 8K [0x0000000780000000, 0x000000078a400000, 0x00000007d5500000)
  object space 167936K, 0% used [0x0000000780000000,0x0000000780002000,0x000000078a400000)
 PSPermGen       total 22016K, used 21640K [0x0000000775a00000, 0x0000000776f80000, 0x0000000780000000)
  object space 22016K, 98% used [0x0000000775a00000,0x0000000776f221a0,0x0000000776f80000)
Event: 1,957 GC heap after
Heap after GC invocations=2 (full 0):
 PSYoungGen      total 73728K, used 10238K [0x00000007d5500000, 0x00000007de500000, 0x0000000800000000)
  eden space 63488K, 0% used [0x00000007d5500000,0x00000007d5500000,0x00000007d9300000)
  from space 10240K, 99% used [0x00000007d9d00000,0x00000007da6ff970,0x00000007da700000)
  to   space 10240K, 0% used [0x00000007d9300000,0x00000007d9300000,0x00000007d9d00000)
 ParOldGen       total 167936K, used 2156K [0x0000000780000000, 0x000000078a400000, 0x00000007d5500000)
  object space 167936K, 1% used [0x0000000780000000,0x000000078021b328,0x000000078a400000)
 PSPermGen       total 22016K, used 21640K [0x0000000775a00000, 0x0000000776f80000, 0x0000000780000000)
  object space 22016K, 98% used [0x0000000775a00000,0x0000000776f221a0,0x0000000776f80000)
}
Event: 2,604 GC heap before
{Heap before GC invocations=3 (full 0):
 PSYoungGen      total 73728K, used 73726K [0x00000007d5500000, 0x00000007de500000, 0x0000000800000000)
  eden space 63488K, 100% used [0x00000007d5500000,0x00000007d9300000,0x00000007d9300000)
  from space 10240K, 99% used [0x00000007d9d00000,0x00000007da6ff970,0x00000007da700000)
  to   space 10240K, 0% used [0x00000007d9300000,0x00000007d9300000,0x00000007d9d00000)
 ParOldGen       total 167936K, used 2156K [0x0000000780000000, 0x000000078a400000, 0x00000007d5500000)
  object space 167936K, 1% used [0x0000000780000000,0x000000078021b328,0x000000078a400000)
 PSPermGen       total 27648K, used 27285K [0x0000000775a00000, 0x0000000777500000, 0x0000000780000000)
  object space 27648K, 98% used [0x0000000775a00000,0x00000007774a5668,0x0000000777500000)
Event: 2,619 GC heap after
Heap after GC invocations=3 (full 0):
 PSYoungGen      total 73728K, used 10231K [0x00000007d5500000, 0x00000007de500000, 0x0000000800000000)
  eden space 63488K, 0% used [0x00000007d5500000,0x00000007d5500000,0x00000007d9300000)
  from space 10240K, 99% used [0x00000007d9300000,0x00000007d9cfdc70,0x00000007d9d00000)
  to   space 10240K, 0% used [0x00000007ddb00000,0x00000007ddb00000,0x00000007de500000)
 ParOldGen       total 167936K, used 4798K [0x0000000780000000, 0x000000078a400000, 0x00000007d5500000)
  object space 167936K, 2% used [0x0000000780000000,0x00000007804afbe0,0x000000078a400000)
 PSPermGen       total 27648K, used 27285K [0x0000000775a00000, 0x0000000777500000, 0x0000000780000000)
  object space 27648K, 98% used [0x0000000775a00000,0x00000007774a5668,0x0000000777500000)
}

