# JRE version: OpenJDK Runtime Environment (7.0_121) (build 1.7.0_121-b00)
# Java VM: OpenJDK 64-Bit Server VM (24.121-b00 mixed mode linux-amd64 compressed oops)
Heap
 PSYoungGen      total 137216K, used 94891K [0x00000007d5500000, 0x00000007de500000, 0x0000000800000000)
  eden space 126976K, 66% used [0x00000007d5500000,0x00000007da7aafc0,0x00000007dd100000)
  from space 10240K, 99% used [0x00000007ddb00000,0x00000007de4ffe20,0x00000007de500000)
  to   space 10240K, 0% used [0x00000007dd100000,0x00000007dd100000,0x00000007ddb00000)
 ParOldGen       total 829952K, used 663870K [0x0000000780000000, 0x00000007b2a80000, 0x00000007d5500000)
  object space 829952K, 79% used [0x0000000780000000,0x00000007a884f940,0x00000007b2a80000)
 PSPermGen       total 30208K, used 29965K [0x0000000775a00000, 0x0000000777780000, 0x0000000780000000)
  object space 30208K, 99% used [0x0000000775a00000,0x0000000777743598,0x0000000777780000)
GC Heap History (4 events):
Event: 1,093 GC heap before
{Heap before GC invocations=1 (full 0):
 PSYoungGen      total 73728K, used 63488K [0x00000007d5500000, 0x00000007da700000, 0x0000000800000000)
  eden space 63488K, 100% used [0x00000007d5500000,0x00000007d9300000,0x00000007d9300000)
  from space 10240K, 0% used [0x00000007d9d00000,0x00000007d9d00000,0x00000007da700000)
  to   space 10240K, 0% used [0x00000007d9300000,0x00000007d9300000,0x00000007d9d00000)
 ParOldGen       total 167936K, used 0K [0x0000000780000000, 0x000000078a400000, 0x00000007d5500000)
  object space 167936K, 0% used [0x0000000780000000,0x0000000780000000,0x000000078a400000)
 PSPermGen       total 21504K, used 11444K [0x0000000775a00000, 0x0000000776f00000, 0x0000000780000000)
  object space 21504K, 53% used [0x0000000775a00000,0x000000077652d028,0x0000000776f00000)
Event: 1,108 GC heap after
Heap after GC invocations=1 (full 0):
 PSYoungGen      total 73728K, used 7213K [0x00000007d5500000, 0x00000007de500000, 0x0000000800000000)
  eden space 63488K, 0% used [0x00000007d5500000,0x00000007d5500000,0x00000007d9300000)
  from space 10240K, 70% used [0x00000007d9300000,0x00000007d9a0b4b0,0x00000007d9d00000)
  to   space 10240K, 0% used [0x00000007ddb00000,0x00000007ddb00000,0x00000007de500000)
 ParOldGen       total 167936K, used 8K [0x0000000780000000, 0x000000078a400000, 0x00000007d5500000)
  object space 167936K, 0% used [0x0000000780000000,0x0000000780002000,0x000000078a400000)
 PSPermGen       total 21504K, used 11444K [0x0000000775a00000, 0x0000000776f00000, 0x0000000780000000)
  object space 21504K, 53% used [0x0000000775a00000,0x000000077652d028,0x0000000776f00000)
}
Event: 2,193 GC heap before
{Heap before GC invocations=2 (full 0):
 PSYoungGen      total 73728K, used 70701K [0x00000007d5500000, 0x00000007de500000, 0x0000000800000000)
  eden space 63488K, 100% used [0x00000007d5500000,0x00000007d9300000,0x00000007d9300000)
  from space 10240K, 70% used [0x00000007d9300000,0x00000007d9a0b4b0,0x00000007d9d00000)
  to   space 10240K, 0% used [0x00000007ddb00000,0x00000007ddb00000,0x00000007de500000)
 ParOldGen       total 167936K, used 8K [0x0000000780000000, 0x000000078a400000, 0x00000007d5500000)
  object space 167936K, 0% used [0x0000000780000000,0x0000000780002000,0x000000078a400000)
 PSPermGen       total 22016K, used 21632K [0x0000000775a00000, 0x0000000776f80000, 0x0000000780000000)
  object space 22016K, 98% used [0x0000000775a00000,0x0000000776f20200,0x0000000776f80000)
Event: 2,206 GC heap after
Heap after GC invocations=2 (full 0):
 PSYoungGen      total 137216K, used 10239K [0x00000007d5500000, 0x00000007de500000, 0x0000000800000000)
  eden space 126976K, 0% used [0x00000007d5500000,0x00000007d5500000,0x00000007dd100000)
  from space 10240K, 99% used [0x00000007ddb00000,0x00000007de4ffe20,0x00000007de500000)
  to   space 10240K, 0% used [0x00000007dd100000,0x00000007dd100000,0x00000007ddb00000)
 ParOldGen       total 167936K, used 2098K [0x0000000780000000, 0x000000078a400000, 0x00000007d5500000)
  object space 167936K, 1% used [0x0000000780000000,0x000000078020ca08,0x000000078a400000)
 PSPermGen       total 22016K, used 21632K [0x0000000775a00000, 0x0000000776f80000, 0x0000000780000000)
  object space 22016K, 98% used [0x0000000775a00000,0x0000000776f20200,0x0000000776f80000)
}

